<?xml version="1.0" encoding="UTF-8"?>
<!-- Generated by org.testng.reporters.JUnitReportReporter -->
<testsuite hostname="Sanjay" failures="0" tests="4" name="testScripts.ParaBank" time="40.841" errors="0" timestamp="2023-03-02T22:13:01 IST" skipped="0">
  <testcase classname="testScripts.ParaBank" name="Transferfund" time="10.951"/>
  <system-out/>
  <testcase classname="testScripts.ParaBank" name="register" time="12.945"/>
  <system-out/>
  <testcase classname="testScripts.ParaBank" name="openaccount" time="10.088"/>
  <system-out/>
  <testcase classname="testScripts.ParaBank" name="overview" time="6.857"/>
  <system-out/>
</testsuite> <!-- testScripts.ParaBank -->
