<?xml version="1.0" encoding="UTF-8"?>
<!-- Generated by org.testng.reporters.JUnitReportReporter -->
<testsuite hostname="Sanjay" failures="0" tests="1" name="testScripts.FileDownloadTest" time="55.643" errors="0" timestamp="2023-02-28T19:20:22 IST" skipped="0">
  <testcase classname="testScripts.FileDownloadTest" name="downloadFile" time="55.643"/>
  <system-out/>
</testsuite> <!-- testScripts.FileDownloadTest -->
