<?xml version="1.0" encoding="UTF-8"?>
<!-- Generated by org.testng.reporters.JUnitReportReporter -->
<testsuite hostname="Sanjay" failures="0" tests="2" name="testScripts.danubeStore" time="11.832" errors="0" timestamp="2023-03-01T16:51:09 IST" skipped="0">
  <testcase classname="testScripts.danubeStore" name="search" time="9.073"/>
  <system-out/>
  <testcase classname="testScripts.danubeStore" name="register" time="2.759"/>
  <system-out/>
</testsuite> <!-- testScripts.danubeStore -->
