<?xml version="1.0" encoding="UTF-8"?>
<!-- Generated by org.testng.reporters.JUnitReportReporter -->
<testsuite hostname="Sanjay" failures="0" tests="11" name="parallelScripts.sampleOneTest" time="0.288" errors="0" timestamp="2023-03-02T20:08:37 IST" skipped="0">
  <testcase classname="parallelScripts.sampleOneTest" name="testFour" time="0.039"/>
  <system-out/>
  <testcase classname="parallelScripts.sampleOneTest" name="testFour" time="0.009"/>
  <system-out/>
  <testcase classname="parallelScripts.sampleOneTest" name="testFour" time="0.048"/>
  <system-out/>
  <testcase classname="parallelScripts.sampleOneTest" name="testThree" time="0.003"/>
  <system-out/>
  <testcase classname="parallelScripts.sampleOneTest" name="testFour" time="0.042"/>
  <system-out/>
  <testcase classname="parallelScripts.sampleOneTest" name="testFour" time="0.006"/>
  <system-out/>
  <testcase classname="parallelScripts.sampleOneTest" name="testFour" time="0.039"/>
  <system-out/>
  <testcase classname="parallelScripts.sampleOneTest" name="testFour" time="0.077"/>
  <system-out/>
  <testcase classname="parallelScripts.sampleOneTest" name="testOne" time="0.002"/>
  <system-out/>
  <testcase classname="parallelScripts.sampleOneTest" name="testFour" time="0.018"/>
  <system-out/>
  <testcase classname="parallelScripts.sampleOneTest" name="testTwo" time="0.005"/>
  <system-out/>
</testsuite> <!-- parallelScripts.sampleOneTest -->
